{
  "executed_at": "2025-12-19T13:22:42.803429Z",
  "root": "/Users/marcelkurvers/Development/funda-app/ai-woning-rapport-WERKEND-local",
  "summary": {
    "total_runs": 6,
    "success": 0,
    "failed": 1,
    "skipped": 5
  },
  "runs": [
    {
      "framework": "pytest",
      "command": "pytest",
      "exit_code": 1,
      "raw_output": "============================= test session starts ==============================\nplatform darwin -- Python 3.11.4, pytest-9.0.2, pluggy-1.6.0\nrootdir: /Users/marcelkurvers/Development/funda-app/ai-woning-rapport-WERKEND-local\nplugins: anyio-4.10.0\ncollected 102 items\n\nbackend/tests/e2e/test_frontend.py ..                                    [  1%]\nbackend/tests/e2e/test_pdf_export.py .                                   [  2%]\nbackend/tests/integration/test_comprehensive.py FFF                      [  5%]\nbackend/tests/integration/test_consistency.py F.....                     [ 11%]\nbackend/tests/integration/test_docker_sync.py F                          [ 12%]\nbackend/tests/integration/test_integration.py .                          [ 13%]\nbackend/tests/integration/test_integration_fixtures.py .                 [ 14%]\nbackend/tests/quality/test_audit_codebase.py .                           [ 15%]\nbackend/tests/quality/test_dynamism.py .                                 [ 16%]\nbackend/tests/test_verify_consistency.py ...                             [ 19%]\nbackend/tests/unit/test_ai_interpretation.py .....                       [ 24%]\nbackend/tests/unit/test_api_endpoints.py .....                           [ 29%]\nbackend/tests/unit/test_chapter_0_logic.py ...                           [ 32%]\nbackend/tests/unit/test_chapter_routines.py ...                          [ 35%]\nbackend/tests/unit/test_chapters.py ..                                   [ 37%]\nbackend/tests/unit/test_complex_parsing.py .                             [ 38%]\nbackend/tests/unit/test_display_units.py ....                            [ 42%]\nbackend/tests/unit/test_domain_models.py ...                             [ 45%]\nbackend/tests/unit/test_dynamic_chapters.py ...                          [ 48%]\nbackend/tests/unit/test_explore_insights.py .                            [ 49%]\nbackend/tests/unit/test_frontend_compatibility.py ..                     [ 50%]\nbackend/tests/unit/test_intelligence.py ....                             [ 54%]\nbackend/tests/unit/test_modern_chapter.py F.                             [ 56%]\nbackend/tests/unit/test_modern_design_compliance.py ....                 [ 60%]\nbackend/tests/unit/test_ollama_integration.py ....                       [ 64%]\nbackend/tests/unit/test_parser.py .....F.                                [ 71%]\nbackend/tests/unit/test_parser_edge_cases.py ....                        [ 75%]\nbackend/tests/unit/test_parser_edge_cases_additional.py ..               [ 77%]\nbackend/tests/unit/test_preferences_compliance.py ..                     [ 79%]\nbackend/tests/unit/test_preferenties_vergelijking.py .                   [ 80%]\nbackend/tests/unit/test_utils.py ....................                    [100%]\n\n=================================== FAILURES ===================================\n________________ TestComprehensive.test_all_chapters_generated _________________\n\nself = <backend.tests.integration.test_comprehensive.TestComprehensive testMethod=test_all_chapters_generated>\n\n    def test_all_chapters_generated(self):\n        \"\"\"\n        Verify that all 12 chapters are generated and contain the address.\n        \"\"\"\n        chapters = build_chapters(self.core_data)\n    \n        # Check we have 13 chapters (0-12)\n        self.assertEqual(len(chapters), 13, f\"Expected 13 chapters, got {len(chapters)}\")\n    \n        # Verify specific content in each chapter\n        for i in range(1, 13):\n            str_i = str(i)\n            self.assertIn(str_i, chapters, f\"Chapter {i} missing\")\n            # Check for grid layout main content\n>           layout = chapters[str_i][\"grid_layout\"]\n                     ^^^^^^^^^^^^^^^^^^^^^^^^^^^^^^\nE           KeyError: 'grid_layout'\n\nbackend/tests/integration/test_comprehensive.py:28: KeyError\n------------------------------ Captured log call -------------------------------\nWARNING  parser:parser.py:609 Data validation warnings: ['Suspicious living area: 1 m\u00b2 (min expected: 10 m\u00b2)']\nERROR    main:main.py:356 Error generating chapter 0: 'NoneType' object has no attribute 'upper'\nERROR    main:main.py:356 Error generating chapter 1: argument of type 'NoneType' is not iterable\nERROR    main:main.py:356 Error generating chapter 3: argument of type 'NoneType' is not iterable\nERROR    main:main.py:356 Error generating chapter 4: 'NoneType' object has no attribute 'upper'\nERROR    main:main.py:356 Error generating chapter 5: argument of type 'NoneType' is not iterable\nERROR    main:main.py:356 Error generating chapter 6: argument of type 'NoneType' is not iterable\nERROR    main:main.py:356 Error generating chapter 7: argument of type 'NoneType' is not iterable\nERROR    main:main.py:356 Error generating chapter 8: argument of type 'NoneType' is not iterable\nERROR    main:main.py:356 Error generating chapter 9: argument of type 'NoneType' is not iterable\nERROR    main:main.py:356 Error generating chapter 10: argument of type 'NoneType' is not iterable\nERROR    main:main.py:356 Error generating chapter 11: argument of type 'NoneType' is not iterable\nERROR    main:main.py:356 Error generating chapter 12: argument of type 'NoneType' is not iterable\n__________________ TestComprehensive.test_energy_label_logic ___________________\n\nself = <backend.tests.integration.test_comprehensive.TestComprehensive testMethod=test_energy_label_logic>\n\n    def test_energy_label_logic(self):\n        \"\"\"\n        Test that logic blocks like [IF Label matches A] working correctly.\n        \"\"\"\n        # Label A\n        chapters_A = build_chapters(self.core_data)\n>       text_A = chapters_A[\"4\"][\"grid_layout\"][\"main\"][\"content\"] # Checking Ch 4 (Energy)\n                 ^^^^^^^^^^^^^^^^^^^^^^^^^^^^^^\nE       KeyError: 'grid_layout'\n\nbackend/tests/integration/test_comprehensive.py:67: KeyError\n------------------------------ Captured log call -------------------------------\nWARNING  parser:parser.py:609 Data validation warnings: ['Suspicious living area: 1 m\u00b2 (min expected: 10 m\u00b2)']\nERROR    main:main.py:356 Error generating chapter 0: 'NoneType' object has no attribute 'upper'\nERROR    main:main.py:356 Error generating chapter 1: argument of type 'NoneType' is not iterable\nERROR    main:main.py:356 Error generating chapter 3: argument of type 'NoneType' is not iterable\nERROR    main:main.py:356 Error generating chapter 4: 'NoneType' object has no attribute 'upper'\nERROR    main:main.py:356 Error generating chapter 5: argument of type 'NoneType' is not iterable\nERROR    main:main.py:356 Error generating chapter 6: argument of type 'NoneType' is not iterable\nERROR    main:main.py:356 Error generating chapter 7: argument of type 'NoneType' is not iterable\nERROR    main:main.py:356 Error generating chapter 8: argument of type 'NoneType' is not iterable\nERROR    main:main.py:356 Error generating chapter 9: argument of type 'NoneType' is not iterable\nERROR    main:main.py:356 Error generating chapter 10: argument of type 'NoneType' is not iterable\nERROR    main:main.py:356 Error generating chapter 11: argument of type 'NoneType' is not iterable\nERROR    main:main.py:356 Error generating chapter 12: argument of type 'NoneType' is not iterable\n______________ TestComprehensive.test_kpi_calculations_robustness ______________\n\nself = <backend.tests.integration.test_comprehensive.TestComprehensive testMethod=test_kpi_calculations_robustness>\n\n    def test_kpi_calculations_robustness(self):\n        \"\"\"\n        Test KPI builder with various data states.\n        \"\"\"\n        # Case 1: Perfect data\n        kpis = build_kpis(self.core_data)\n        comp_card = next(c for c in kpis[\"dashboard_cards\"] if c[\"id\"] == \"completeness\")\n>       self.assertEqual(comp_card[\"value\"], \"100%\")\nE       AssertionError: '80%' != '100%'\nE       - 80%\nE       + 100%\n\nbackend/tests/integration/test_comprehensive.py:51: AssertionError\n------------------------------ Captured log call -------------------------------\nWARNING  parser:parser.py:609 Data validation warnings: ['Suspicious living area: 1 m\u00b2 (min expected: 10 m\u00b2)']\n__________________ TestChapterConsistency.test_bedroom_logic ___________________\n\nself = <backend.tests.integration.test_consistency.TestChapterConsistency testMethod=test_bedroom_logic>\n\n    def test_bedroom_logic(self):\n        \"\"\"Check that bedroom count is logical.\n        New behavior: Uses actual parsed 'bedrooms' field if available,\n        otherwise estimates from living area (living_area / 25).\n        \"\"\"\n        # Check if bedrooms field exists in core data\n        if \"bedrooms\" in self.core_data:\n            # Use actual parsed bedrooms\n            expected_bedrooms = int(re.sub(r'\\D', '', str(self.core_data[\"bedrooms\"])))\n        else:\n            # Estimate from living area (new logic in chapter_1)\n            living_area = int(re.sub(r'\\D', '', self.core_data.get(\"living_area_m2\", \"0\")))\n            expected_bedrooms = max(3, int(living_area / 25))\n    \n        # Extract actual bedrooms from metrics\n        metrics = self.extract_metrics()\n        bedroom_metric = None\n        for m in metrics:\n            if m[\"id\"] == \"bedrooms\" or (m[\"label\"] and \"slaapkamers\" in m[\"label\"].lower()):\n                bedroom_metric = m\n                break\n    \n>       self.assertIsNotNone(bedroom_metric, \"Bedroom metric not found in any chapter metrics.\")\nE       AssertionError: unexpectedly None : Bedroom metric not found in any chapter metrics.\n\nbackend/tests/integration/test_consistency.py:116: AssertionError\n------------------------------ Captured log call -------------------------------\nWARNING  parser:parser.py:609 Data validation warnings: ['Suspicious living area: 1 m\u00b2 (min expected: 10 m\u00b2)']\nERROR    main:main.py:356 Error generating chapter 0: 'NoneType' object has no attribute 'upper'\nERROR    main:main.py:356 Error generating chapter 1: argument of type 'NoneType' is not iterable\nERROR    main:main.py:356 Error generating chapter 3: argument of type 'NoneType' is not iterable\nERROR    main:main.py:356 Error generating chapter 4: 'NoneType' object has no attribute 'upper'\nERROR    main:main.py:356 Error generating chapter 5: argument of type 'NoneType' is not iterable\nERROR    main:main.py:356 Error generating chapter 6: argument of type 'NoneType' is not iterable\nERROR    main:main.py:356 Error generating chapter 7: argument of type 'NoneType' is not iterable\nERROR    main:main.py:356 Error generating chapter 8: argument of type 'NoneType' is not iterable\nERROR    main:main.py:356 Error generating chapter 9: argument of type 'NoneType' is not iterable\nERROR    main:main.py:356 Error generating chapter 10: argument of type 'NoneType' is not iterable\nERROR    main:main.py:356 Error generating chapter 11: argument of type 'NoneType' is not iterable\nERROR    main:main.py:356 Error generating chapter 12: argument of type 'NoneType' is not iterable\n________________ TestDockerSync.test_ensure_latest_docker_build ________________\n\nself = <backend.tests.integration.test_docker_sync.TestDockerSync testMethod=test_ensure_latest_docker_build>\n\n    def test_ensure_latest_docker_build(self):\n        \"\"\"\n        Checks if the Docker image is up-to-date with the latest backend code.\n        If not, rebuilds and restarts the container.\n        \"\"\"\n        # 1. Define paths\n        # test_docker_sync.py is in backend/tests/\n        tests_dir = os.path.dirname(os.path.abspath(__file__))\n        # Current: .../backend/tests/integration\n        integration_dir = tests_dir\n        tests_dir = os.path.dirname(integration_dir) # .../backend/tests\n        backend_dir = os.path.dirname(tests_dir) # .../backend\n        project_root = os.path.dirname(backend_dir) # .../ai-woning-rapport-WERKEND-local\n    \n        docker_compose_file = os.path.join(project_root, \"docker-compose.yml\")\n    \n        # Verify we are on a system where we can run docker commands\n        if not os.path.exists(docker_compose_file):\n            print(\"docker-compose.yml not found. Assuming we are not in the root context or inside a container.\")\n            # If we are inside the container, we probably shouldn't be running this test to rebuild the container.\n            # But the user asked for this test.\n            # We skip if we can't find the compose file.\n            self.skipTest(\"docker-compose.yml not found.\")\n    \n        # 2. Calculate hash of backend/ files\n        # We verify if code has changed.\n        current_hash = self.calculate_directory_hash(backend_dir)\n    \n        # 3. Read stored hash\n        hash_file_path = os.path.join(backend_dir, \".docker_build_hash\")\n        stored_hash = \"\"\n        if os.path.exists(hash_file_path):\n            with open(hash_file_path, \"r\") as f:\n                stored_hash = f.read().strip()\n    \n        # 4. Compare and Act\n        if current_hash != stored_hash:\n            print(f\"Hash mismatch! Current: {current_hash[:8]}..., Stored: {stored_hash[:8]}...\")\n            print(\"Triggering Docker rebuild...\")\n    \n            try:\n                # Build\n                # We use check=True to raise exception on failure\n>               subprocess.run([\"docker-compose\", \"build\", \"app\"], cwd=project_root, check=True)\n\nbackend/tests/integration/test_docker_sync.py:53: \n_ _ _ _ _ _ _ _ _ _ _ _ _ _ _ _ _ _ _ _ _ _ _ _ _ _ _ _ _ _ _ _ _ _ _ _ _ _ _ _ \n\ninput = None, capture_output = False, timeout = None, check = True\npopenargs = (['docker-compose', 'build', 'app'],)\nkwargs = {'cwd': '/Users/marcelkurvers/Development/funda-app/ai-woning-rapport-WERKEND-local'}\nprocess = <Popen: returncode: 1 args: ['docker-compose', 'build', 'app']>\nstdout = None, stderr = None, retcode = 1\n\n    def run(*popenargs,\n            input=None, capture_output=False, timeout=None, check=False, **kwargs):\n        \"\"\"Run command with arguments and return a CompletedProcess instance.\n    \n        The returned instance will have attributes args, returncode, stdout and\n        stderr. By default, stdout and stderr are not captured, and those attributes\n        will be None. Pass stdout=PIPE and/or stderr=PIPE in order to capture them,\n        or pass capture_output=True to capture both.\n    \n        If check is True and the exit code was non-zero, it raises a\n        CalledProcessError. The CalledProcessError object will have the return code\n        in the returncode attribute, and output & stderr attributes if those streams\n        were captured.\n    \n        If timeout is given, and the process takes too long, a TimeoutExpired\n        exception will be raised.\n    \n        There is an optional argument \"input\", allowing you to\n        pass bytes or a string to the subprocess's stdin.  If you use this argument\n        you may not also use the Popen constructor's \"stdin\" argument, as\n        it will be used internally.\n    \n        By default, all communication is in bytes, and therefore any \"input\" should\n        be bytes, and the stdout and stderr will be bytes. If in text mode, any\n        \"input\" should be a string, and stdout and stderr will be strings decoded\n        according to locale encoding, or by \"encoding\" if set. Text mode is\n        triggered by setting any of text, encoding, errors or universal_newlines.\n    \n        The other arguments are the same as for the Popen constructor.\n        \"\"\"\n        if input is not None:\n            if kwargs.get('stdin') is not None:\n                raise ValueError('stdin and input arguments may not both be used.')\n            kwargs['stdin'] = PIPE\n    \n        if capture_output:\n            if kwargs.get('stdout') is not None or kwargs.get('stderr') is not None:\n                raise ValueError('stdout and stderr arguments may not be used '\n                                 'with capture_output.')\n            kwargs['stdout'] = PIPE\n            kwargs['stderr'] = PIPE\n    \n        with Popen(*popenargs, **kwargs) as process:\n            try:\n                stdout, stderr = process.communicate(input, timeout=timeout)\n            except TimeoutExpired as exc:\n                process.kill()\n                if _mswindows:\n                    # Windows accumulates the output in a single blocking\n                    # read() call run on child threads, with the timeout\n                    # being done in a join() on those threads.  communicate()\n                    # _after_ kill() is required to collect that and add it\n                    # to the exception.\n                    exc.stdout, exc.stderr = process.communicate()\n                else:\n                    # POSIX _communicate already populated the output so\n                    # far into the TimeoutExpired exception.\n                    process.wait()\n                raise\n            except:  # Including KeyboardInterrupt, communicate handled that.\n                process.kill()\n                # We don't call process.wait() as .__exit__ does that for us.\n                raise\n            retcode = process.poll()\n            if check and retcode:\n>               raise CalledProcessError(retcode, process.args,\n                                         output=stdout, stderr=stderr)\nE               subprocess.CalledProcessError: Command '['docker-compose', 'build', 'app']' returned non-zero exit status 1.\n\n/Library/Frameworks/Python.framework/Versions/3.11/lib/python3.11/subprocess.py:571: CalledProcessError\n\nDuring handling of the above exception, another exception occurred:\n\nself = <backend.tests.integration.test_docker_sync.TestDockerSync testMethod=test_ensure_latest_docker_build>\n\n    def test_ensure_latest_docker_build(self):\n        \"\"\"\n        Checks if the Docker image is up-to-date with the latest backend code.\n        If not, rebuilds and restarts the container.\n        \"\"\"\n        # 1. Define paths\n        # test_docker_sync.py is in backend/tests/\n        tests_dir = os.path.dirname(os.path.abspath(__file__))\n        # Current: .../backend/tests/integration\n        integration_dir = tests_dir\n        tests_dir = os.path.dirname(integration_dir) # .../backend/tests\n        backend_dir = os.path.dirname(tests_dir) # .../backend\n        project_root = os.path.dirname(backend_dir) # .../ai-woning-rapport-WERKEND-local\n    \n        docker_compose_file = os.path.join(project_root, \"docker-compose.yml\")\n    \n        # Verify we are on a system where we can run docker commands\n        if not os.path.exists(docker_compose_file):\n            print(\"docker-compose.yml not found. Assuming we are not in the root context or inside a container.\")\n            # If we are inside the container, we probably shouldn't be running this test to rebuild the container.\n            # But the user asked for this test.\n            # We skip if we can't find the compose file.\n            self.skipTest(\"docker-compose.yml not found.\")\n    \n        # 2. Calculate hash of backend/ files\n        # We verify if code has changed.\n        current_hash = self.calculate_directory_hash(backend_dir)\n    \n        # 3. Read stored hash\n        hash_file_path = os.path.join(backend_dir, \".docker_build_hash\")\n        stored_hash = \"\"\n        if os.path.exists(hash_file_path):\n            with open(hash_file_path, \"r\") as f:\n                stored_hash = f.read().strip()\n    \n        # 4. Compare and Act\n        if current_hash != stored_hash:\n            print(f\"Hash mismatch! Current: {current_hash[:8]}..., Stored: {stored_hash[:8]}...\")\n            print(\"Triggering Docker rebuild...\")\n    \n            try:\n                # Build\n                # We use check=True to raise exception on failure\n                subprocess.run([\"docker-compose\", \"build\", \"app\"], cwd=project_root, check=True)\n    \n                # Up\n                subprocess.run([\"docker-compose\", \"up\", \"-d\", \"app\"], cwd=project_root, check=True)\n    \n                # Update hash file\n                with open(hash_file_path, \"w\") as f:\n                    f.write(current_hash)\n    \n                print(\"Docker updated and hash saved.\")\n            except subprocess.CalledProcessError as e:\n>               self.fail(f\"Docker command failed: {e}\")\nE               AssertionError: Docker command failed: Command '['docker-compose', 'build', 'app']' returned non-zero exit status 1.\n\nbackend/tests/integration/test_docker_sync.py:64: AssertionError\n----------------------------- Captured stdout call -----------------------------\nHash mismatch! Current: 25ba1a89..., Stored: c87835a7...\nTriggering Docker rebuild...\n----------------------------- Captured stderr call -----------------------------\nCannot connect to the Docker daemon at unix:///Users/marcelkurvers/.docker/run/docker.sock. Is the docker daemon running?\n_______________ TestModernChapter.test_chapter_structure_modern ________________\n\nself = <backend.tests.unit.test_modern_chapter.TestModernChapter testMethod=test_chapter_structure_modern>\n\n    def test_chapter_structure_modern(self):\n        # 1. MANDATORY: Load from test-data\n        from tests.data_loader import load_test_data\n        core_data = load_test_data()\n    \n        # 2. Run\n        chapters = build_chapters(core_data)\n    \n        # 3. Assert - Check Chapter 1\n        ch1 = chapters[\"1\"]\n>       self.assertIn(\"grid_layout\", ch1, \"Chapter 1 should have grid_layout\")\nE       AssertionError: 'grid_layout' not found in {'id': '1', 'title': 'Woningkenmerken', 'blocks': [{'type': 'compliance', 'level': 'error', 'message': \"Kon hoofdstuk 1 niet genereren: argument of type 'NoneType' is not iterable\", 'details': 'Controleer de ingevoerde gegevens of probeer het later opnieuw.'}]} : Chapter 1 should have grid_layout\n\nbackend/tests/unit/test_modern_chapter.py:18: AssertionError\n------------------------------ Captured log call -------------------------------\nWARNING  parser:parser.py:609 Data validation warnings: ['Suspicious living area: 1 m\u00b2 (min expected: 10 m\u00b2)']\nERROR    main:main.py:356 Error generating chapter 0: 'NoneType' object has no attribute 'upper'\nERROR    main:main.py:356 Error generating chapter 1: argument of type 'NoneType' is not iterable\nERROR    main:main.py:356 Error generating chapter 3: argument of type 'NoneType' is not iterable\nERROR    main:main.py:356 Error generating chapter 4: 'NoneType' object has no attribute 'upper'\nERROR    main:main.py:356 Error generating chapter 5: argument of type 'NoneType' is not iterable\nERROR    main:main.py:356 Error generating chapter 6: argument of type 'NoneType' is not iterable\nERROR    main:main.py:356 Error generating chapter 7: argument of type 'NoneType' is not iterable\nERROR    main:main.py:356 Error generating chapter 8: argument of type 'NoneType' is not iterable\nERROR    main:main.py:356 Error generating chapter 9: argument of type 'NoneType' is not iterable\nERROR    main:main.py:356 Error generating chapter 10: argument of type 'NoneType' is not iterable\nERROR    main:main.py:356 Error generating chapter 11: argument of type 'NoneType' is not iterable\nERROR    main:main.py:356 Error generating chapter 12: argument of type 'NoneType' is not iterable\n______________________ TestParser.test_parse_real_fixture ______________________\n\nself = <backend.tests.unit.test_parser.TestParser testMethod=test_parse_real_fixture>\n\n    def test_parse_real_fixture(self):\n        \"\"\"Test parsing with real Funda fixture data\"\"\"\n        fixture_path = os.path.join(os.path.dirname(__file__), \"../fixtures/user_funda.html\")\n    \n        if not os.path.exists(fixture_path):\n            self.skipTest(f\"Fixture file not found: {fixture_path}\")\n    \n        with open(fixture_path, 'r', encoding='utf-8') as f:\n            html = f.read()\n    \n        data = self.parser.parse_html(html)\n    \n        # Verify key fields are extracted\n        self.assertIsNotNone(data.get(\"asking_price_eur\"), \"Price should be extracted\")\n        self.assertIsNotNone(data.get(\"address\"), \"Address should be extracted\")\n        self.assertIsNotNone(data.get(\"living_area_m2\"), \"Living area should be extracted\")\n        self.assertIsNotNone(data.get(\"bedrooms\"), \"Bedrooms should be extracted\")\n        self.assertIsNotNone(data.get(\"bathrooms\"), \"Bathrooms should be extracted\")\n    \n        # Verify specific values from the fixture\n        self.assertEqual(data[\"asking_price_eur\"], \"\u20ac 1.400.000\")\n        self.assertEqual(data[\"bedrooms\"], \"6\")\n        self.assertEqual(data[\"bathrooms\"], \"2\")\n        self.assertEqual(data[\"build_year\"], \"1979\")\n>       self.assertEqual(data[\"energy_label\"], \"B\")\nE       AssertionError: None != 'B'\n\nbackend/tests/unit/test_parser.py:107: AssertionError\n------------------------------ Captured log call -------------------------------\nWARNING  parser:parser.py:609 Data validation warnings: ['Suspicious living area: 1 m\u00b2 (min expected: 10 m\u00b2)']\n=============================== warnings summary ===============================\nbackend/main.py:192\n  /Users/marcelkurvers/Development/funda-app/ai-woning-rapport-WERKEND-local/backend/main.py:192: DeprecationWarning: \n          on_event is deprecated, use lifespan event handlers instead.\n  \n          Read more about it in the\n          [FastAPI docs for Lifespan Events](https://fastapi.tiangolo.com/advanced/events/).\n          \n    @app.on_event(\"startup\")\n\n../../../../../Library/Frameworks/Python.framework/Versions/3.11/lib/python3.11/site-packages/fastapi/applications.py:4495\n  /Library/Frameworks/Python.framework/Versions/3.11/lib/python3.11/site-packages/fastapi/applications.py:4495: DeprecationWarning: \n          on_event is deprecated, use lifespan event handlers instead.\n  \n          Read more about it in the\n          [FastAPI docs for Lifespan Events](https://fastapi.tiangolo.com/advanced/events/).\n          \n    return self.router.on_event(event_type)\n\nbackend/tests/integration/test_comprehensive.py: 2 warnings\nbackend/tests/integration/test_consistency.py: 6 warnings\nbackend/tests/integration/test_integration.py: 13 warnings\nbackend/tests/integration/test_integration_fixtures.py: 14 warnings\nbackend/tests/quality/test_dynamism.py: 26 warnings\nbackend/tests/unit/test_api_endpoints.py: 1 warning\nbackend/tests/unit/test_display_units.py: 52 warnings\nbackend/tests/unit/test_explore_insights.py: 13 warnings\nbackend/tests/unit/test_frontend_compatibility.py: 26 warnings\nbackend/tests/unit/test_modern_chapter.py: 14 warnings\nbackend/tests/unit/test_modern_design_compliance.py: 52 warnings\n  /Library/Frameworks/Python.framework/Versions/3.11/lib/python3.11/site-packages/pydantic/main.py:1087: PydanticDeprecatedSince20: The `dict` method is deprecated; use `model_dump` instead. Deprecated in Pydantic V2.0 to be removed in V3.0. See Pydantic V2 Migration Guide at https://errors.pydantic.dev/2.8/migration/\n    warnings.warn('The `dict` method is deprecated; use `model_dump` instead.', category=PydanticDeprecatedSince20)\n\n-- Docs: https://docs.pytest.org/en/stable/how-to/capture-warnings.html\n=========================== short test summary info ============================\nFAILED backend/tests/integration/test_comprehensive.py::TestComprehensive::test_all_chapters_generated\nFAILED backend/tests/integration/test_comprehensive.py::TestComprehensive::test_energy_label_logic\nFAILED backend/tests/integration/test_comprehensive.py::TestComprehensive::test_kpi_calculations_robustness\nFAILED backend/tests/integration/test_consistency.py::TestChapterConsistency::test_bedroom_logic\nFAILED backend/tests/integration/test_docker_sync.py::TestDockerSync::test_ensure_latest_docker_build\nFAILED backend/tests/unit/test_modern_chapter.py::TestModernChapter::test_chapter_structure_modern\nFAILED backend/tests/unit/test_parser.py::TestParser::test_parse_real_fixture\n================== 7 failed, 95 passed, 221 warnings in 4.79s ==================",
      "start_time": "2025-12-19T13:22:37.208466Z",
      "end_time": "2025-12-19T13:22:42.529637Z",
      "status": "failed",
      "reason": null,
      "parsed_results": null
    },
    {
      "framework": "jest",
      "command": "npx jest --runInBand",
      "exit_code": -1,
      "raw_output": "Skipped: no JS/TS test files found.",
      "start_time": "2025-12-19T13:22:37.208065Z",
      "end_time": "2025-12-19T13:22:37.208065Z",
      "status": "skipped",
      "reason": "Detected 19 JS/TS source files but no test files to execute.",
      "parsed_results": null
    },
    {
      "framework": "go test",
      "command": "go test ./... -v",
      "exit_code": -1,
      "raw_output": "Skipped: no Go source files detected.",
      "start_time": "2025-12-19T13:22:37.208065Z",
      "end_time": "2025-12-19T13:22:37.208065Z",
      "status": "skipped",
      "reason": "No Go source files detected in repository.",
      "parsed_results": null
    },
    {
      "framework": "cargo test",
      "command": "cargo test --verbose",
      "exit_code": -1,
      "raw_output": "Skipped: no Rust source files detected.",
      "start_time": "2025-12-19T13:22:37.208065Z",
      "end_time": "2025-12-19T13:22:37.208065Z",
      "status": "skipped",
      "reason": "No Rust source files detected in repository.",
      "parsed_results": null
    },
    {
      "framework": "maven/gradle",
      "command": "mvn test || gradle test",
      "exit_code": -1,
      "raw_output": "Skipped: no Java source files detected.",
      "start_time": "2025-12-19T13:22:37.208065Z",
      "end_time": "2025-12-19T13:22:37.208065Z",
      "status": "skipped",
      "reason": "No Java source files detected in repository.",
      "parsed_results": null
    },
    {
      "framework": "rspec/minitest",
      "command": "rspec || rake test",
      "exit_code": -1,
      "raw_output": "Skipped: no Ruby source files detected.",
      "start_time": "2025-12-19T13:22:37.208065Z",
      "end_time": "2025-12-19T13:22:37.208065Z",
      "status": "skipped",
      "reason": "No Ruby source files detected in repository.",
      "parsed_results": null
    }
  ]
}